[debug] [2025-07-30T00:56:52.577Z] ----------------------------------------------------------------------
[debug] [2025-07-30T00:56:52.580Z] Command:       /nix/store/ws50yvm6vzlzf7jzz6n7xh4szddrack1-nodejs-20.19.1/bin/node /nix/store/gv0i9ndcpzjpfi2yr06402kzy90q51ki-firebase-tools-14.10.1/lib/node_modules/firebase-tools/lib/bin/firebase.js init hosting
[debug] [2025-07-30T00:56:52.581Z] CLI Version:   14.10.1
[debug] [2025-07-30T00:56:52.581Z] Platform:      linux
[debug] [2025-07-30T00:56:52.582Z] Node Version:  v20.19.1
[debug] [2025-07-30T00:56:52.582Z] Time:          Wed Jul 30 2025 00:56:52 GMT+0000 (Coordinated Universal Time)
[debug] [2025-07-30T00:56:52.582Z] ----------------------------------------------------------------------
[debug] 
[debug] [2025-07-30T00:56:52.586Z] >>> [apiv2][query] GET https://firebase-public.firebaseio.com/cli.json [none]
[debug] [2025-07-30T00:56:52.672Z] > command requires scopes: ["email","openid","https://www.googleapis.com/auth/cloudplatformprojects.readonly","https://www.googleapis.com/auth/firebase","https://www.googleapis.com/auth/cloud-platform"]
[debug] [2025-07-30T00:56:52.994Z] <<< [apiv2][status] GET https://firebase-public.firebaseio.com/cli.json 200
[debug] [2025-07-30T00:56:52.997Z] <<< [apiv2][body] GET https://firebase-public.firebaseio.com/cli.json {"cloudBuildErrorAfter":1594252800000,"cloudBuildWarnAfter":1590019200000,"defaultNode10After":1594252800000,"minVersion":"3.0.5","node8DeploysDisabledAfter":1613390400000,"node8RuntimeDisabledAfter":1615809600000,"node8WarnAfter":1600128000000}
[debug] [2025-07-30T00:57:00.752Z] Running auto auth
[info] 
     ######## #### ########  ######## ########     ###     ######  ########
     ##        ##  ##     ## ##       ##     ##  ##   ##  ##       ##
     ######    ##  ########  ######   ########  #########  ######  ######
     ##        ##  ##    ##  ##       ##     ## ##     ##       ## ##
     ##       #### ##     ## ######## ########  ##     ##  ######  ########

You're about to initialize a Firebase project in this directory:

  /home/user/studio

[info] 
=== Project Setup
[info] 
[info] First, let's associate this project directory with a Firebase project.
[info] You can create multiple project aliases by running firebase use --add, 
[info] but for now we'll just set up a default project.
[info] 
[debug] [2025-07-30T00:57:00.804Z] Using project from CLI flag: realgoal
[debug] [2025-07-30T00:57:00.804Z] No OAuth tokens found
[debug] [2025-07-30T00:57:00.808Z] >>> [apiv2][query] GET https://firebase.googleapis.com/v1beta1/projects/realgoal [none]
[debug] [2025-07-30T00:57:01.099Z] <<< [apiv2][status] GET https://firebase.googleapis.com/v1beta1/projects/realgoal 200
[debug] [2025-07-30T00:57:01.104Z] <<< [apiv2][body] GET https://firebase.googleapis.com/v1beta1/projects/realgoal {"projectId":"realgoal","projectNumber":"10684111974","displayName":"RealGoal","name":"projects/realgoal","resources":{"hostingSite":"realgoal"},"state":"ACTIVE","etag":"1_673262dc-9f5b-4657-805c-8de80dc9c530"}
[info] i  Using project realgoal (RealGoal) 
[info] 
=== Hosting Setup
[debug] [2025-07-30T00:57:01.125Z] No OAuth tokens found
[debug] [2025-07-30T00:57:01.126Z] >>> [apiv2][query] GET https://firebase.googleapis.com/v1beta1/projects/realgoal [none]
[debug] [2025-07-30T00:57:01.359Z] <<< [apiv2][status] GET https://firebase.googleapis.com/v1beta1/projects/realgoal 200
[debug] [2025-07-30T00:57:01.363Z] <<< [apiv2][body] GET https://firebase.googleapis.com/v1beta1/projects/realgoal {"projectId":"realgoal","projectNumber":"10684111974","displayName":"RealGoal","name":"projects/realgoal","resources":{"hostingSite":"realgoal"},"state":"ACTIVE","etag":"1_673262dc-9f5b-4657-805c-8de80dc9c530"}
